*** Starting JVM Logging ***

[Opened C:\Program Files (x86)\Sybase\Shared\PowerBuilder\jdk14\jre\lib\rt.jar]
[Opened C:\Program Files (x86)\Sybase\Shared\PowerBuilder\jdk14\jre\lib\sunrsasign.jar]
[Opened C:\Program Files (x86)\Sybase\Shared\PowerBuilder\jdk14\jre\lib\jsse.jar]
[Opened C:\Program Files (x86)\Sybase\Shared\PowerBuilder\jdk14\jre\lib\jce.jar]
[Opened C:\Program Files (x86)\Sybase\Shared\PowerBuilder\jdk14\jre\lib\charsets.jar]
[Loaded java.lang.Object from C:\Program Files (x86)\Sybase\Shared\PowerBuilder\jdk14\jre\lib\rt.jar]
[Loaded java.io.Serializable from C:\Program Files (x86)\Sybase\Shared\PowerBuilder\jdk14\jre\lib\rt.jar]
[Loaded java.lang.Comparable from C:\Program Files (x86)\Sybase\Shared\PowerBuilder\jdk14\jre\lib\rt.jar]
[Loaded java.lang.CharSequence from C:\Program Files (x86)\Sybase\Shared\PowerBuilder\jdk14\jre\lib\rt.jar]
[Loaded java.lang.String from C:\Program Files (x86)\Sybase\Shared\PowerBuilder\jdk14\jre\lib\rt.jar]
[Loaded java.lang.Class from C:\Program Files (x86)\Sybase\Shared\PowerBuilder\jdk14\jre\lib\rt.jar]
[Loaded java.lang.Cloneable from C:\Program Files (x86)\Sybase\Shared\PowerBuilder\jdk14\jre\lib\rt.jar]
[Loaded java.lang.ClassLoader from C:\Program Files (x86)\Sybase\Shared\PowerBuilder\jdk14\jre\lib\rt.jar]
[Loaded java.lang.System from C:\Program Files (x86)\Sybase\Shared\PowerBuilder\jdk14\jre\lib\rt.jar]
[Loaded java.lang.Throwable from C:\Program Files (x86)\Sybase\Shared\PowerBuilder\jdk14\jre\lib\rt.jar]
[Loaded java.lang.Error from C:\Program Files (x86)\Sybase\Shared\PowerBuilder\jdk14\jre\lib\rt.jar]
[Loaded java.lang.ThreadDeath from C:\Program Files (x86)\Sybase\Shared\PowerBuilder\jdk14\jre\lib\rt.jar]
[Loaded java.lang.Exception from C:\Program Files (x86)\Sybase\Shared\PowerBuilder\jdk14\jre\lib\rt.jar]
[Loaded java.lang.RuntimeException from C:\Program Files (x86)\Sybase\Shared\PowerBuilder\jdk14\jre\lib\rt.jar]
[Loaded java.security.ProtectionDomain from C:\Program Files (x86)\Sybase\Shared\PowerBuilder\jdk14\jre\lib\rt.jar]
[Loaded java.security.AccessControlContext from C:\Program Files (x86)\Sybase\Shared\PowerBuilder\jdk14\jre\lib\rt.jar]
[Loaded java.lang.ClassNotFoundException from C:\Program Files (x86)\Sybase\Shared\PowerBuilder\jdk14\jre\lib\rt.jar]
[Loaded java.lang.LinkageError from C:\Program Files (x86)\Sybase\Shared\PowerBuilder\jdk14\jre\lib\rt.jar]
[Loaded java.lang.NoClassDefFoundError from C:\Program Files (x86)\Sybase\Shared\PowerBuilder\jdk14\jre\lib\rt.jar]
[Loaded java.lang.ClassCastException from C:\Program Files (x86)\Sybase\Shared\PowerBuilder\jdk14\jre\lib\rt.jar]
[Loaded java.lang.ArrayStoreException from C:\Program Files (x86)\Sybase\Shared\PowerBuilder\jdk14\jre\lib\rt.jar]
[Loaded java.lang.VirtualMachineError from C:\Program Files (x86)\Sybase\Shared\PowerBuilder\jdk14\jre\lib\rt.jar]
[Loaded java.lang.OutOfMemoryError from C:\Program Files (x86)\Sybase\Shared\PowerBuilder\jdk14\jre\lib\rt.jar]
[Loaded java.lang.StackOverflowError from C:\Program Files (x86)\Sybase\Shared\PowerBuilder\jdk14\jre\lib\rt.jar]
[Loaded java.lang.ref.Reference from C:\Program Files (x86)\Sybase\Shared\PowerBuilder\jdk14\jre\lib\rt.jar]
[Loaded java.lang.ref.SoftReference from C:\Program Files (x86)\Sybase\Shared\PowerBuilder\jdk14\jre\lib\rt.jar]
[Loaded java.lang.ref.WeakReference from C:\Program Files (x86)\Sybase\Shared\PowerBuilder\jdk14\jre\lib\rt.jar]
[Loaded java.lang.ref.FinalReference from C:\Program Files (x86)\Sybase\Shared\PowerBuilder\jdk14\jre\lib\rt.jar]
[Loaded java.lang.ref.PhantomReference from C:\Program Files (x86)\Sybase\Shared\PowerBuilder\jdk14\jre\lib\rt.jar]
[Loaded java.lang.ref.Finalizer from C:\Program Files (x86)\Sybase\Shared\PowerBuilder\jdk14\jre\lib\rt.jar]
[Loaded java.lang.Runnable from C:\Program Files (x86)\Sybase\Shared\PowerBuilder\jdk14\jre\lib\rt.jar]
[Loaded java.lang.Thread from C:\Program Files (x86)\Sybase\Shared\PowerBuilder\jdk14\jre\lib\rt.jar]
[Loaded java.lang.ThreadGroup from C:\Program Files (x86)\Sybase\Shared\PowerBuilder\jdk14\jre\lib\rt.jar]
[Loaded java.util.Dictionary from C:\Program Files (x86)\Sybase\Shared\PowerBuilder\jdk14\jre\lib\rt.jar]
[Loaded java.util.Map from C:\Program Files (x86)\Sybase\Shared\PowerBuilder\jdk14\jre\lib\rt.jar]
[Loaded java.util.Hashtable from C:\Program Files (x86)\Sybase\Shared\PowerBuilder\jdk14\jre\lib\rt.jar]
[Loaded java.util.Properties from C:\Program Files (x86)\Sybase\Shared\PowerBuilder\jdk14\jre\lib\rt.jar]
[Loaded java.lang.reflect.AccessibleObject from C:\Program Files (x86)\Sybase\Shared\PowerBuilder\jdk14\jre\lib\rt.jar]
[Loaded java.lang.reflect.Member from C:\Program Files (x86)\Sybase\Shared\PowerBuilder\jdk14\jre\lib\rt.jar]
[Loaded java.lang.reflect.Field from C:\Program Files (x86)\Sybase\Shared\PowerBuilder\jdk14\jre\lib\rt.jar]
[Loaded java.lang.reflect.Method from C:\Program Files (x86)\Sybase\Shared\PowerBuilder\jdk14\jre\lib\rt.jar]
[Loaded java.lang.reflect.Constructor from C:\Program Files (x86)\Sybase\Shared\PowerBuilder\jdk14\jre\lib\rt.jar]
[Loaded sun.reflect.MagicAccessorImpl from C:\Program Files (x86)\Sybase\Shared\PowerBuilder\jdk14\jre\lib\rt.jar]
[Loaded sun.reflect.MethodAccessor from C:\Program Files (x86)\Sybase\Shared\PowerBuilder\jdk14\jre\lib\rt.jar]
[Loaded sun.reflect.MethodAccessorImpl from C:\Program Files (x86)\Sybase\Shared\PowerBuilder\jdk14\jre\lib\rt.jar]
[Loaded sun.reflect.ConstructorAccessor from C:\Program Files (x86)\Sybase\Shared\PowerBuilder\jdk14\jre\lib\rt.jar]
[Loaded sun.reflect.ConstructorAccessorImpl from C:\Program Files (x86)\Sybase\Shared\PowerBuilder\jdk14\jre\lib\rt.jar]
[Loaded sun.reflect.DelegatingClassLoader from C:\Program Files (x86)\Sybase\Shared\PowerBuilder\jdk14\jre\lib\rt.jar]
[Loaded java.util.Collection from C:\Program Files (x86)\Sybase\Shared\PowerBuilder\jdk14\jre\lib\rt.jar]
[Loaded java.util.AbstractCollection from C:\Program Files (x86)\Sybase\Shared\PowerBuilder\jdk14\jre\lib\rt.jar]
[Loaded java.util.List from C:\Program Files (x86)\Sybase\Shared\PowerBuilder\jdk14\jre\lib\rt.jar]
[Loaded java.util.AbstractList from C:\Program Files (x86)\Sybase\Shared\PowerBuilder\jdk14\jre\lib\rt.jar]
[Loaded java.util.RandomAccess from C:\Program Files (x86)\Sybase\Shared\PowerBuilder\jdk14\jre\lib\rt.jar]
[Loaded java.util.Vector from C:\Program Files (x86)\Sybase\Shared\PowerBuilder\jdk14\jre\lib\rt.jar]
[Loaded java.lang.StringBuffer from C:\Program Files (x86)\Sybase\Shared\PowerBuilder\jdk14\jre\lib\rt.jar]
[Loaded java.nio.Buffer from C:\Program Files (x86)\Sybase\Shared\PowerBuilder\jdk14\jre\lib\rt.jar]
[Loaded java.lang.Boolean from C:\Program Files (x86)\Sybase\Shared\PowerBuilder\jdk14\jre\lib\rt.jar]
[Loaded java.lang.Character from C:\Program Files (x86)\Sybase\Shared\PowerBuilder\jdk14\jre\lib\rt.jar]
[Loaded java.lang.Number from C:\Program Files (x86)\Sybase\Shared\PowerBuilder\jdk14\jre\lib\rt.jar]
[Loaded java.lang.Float from C:\Program Files (x86)\Sybase\Shared\PowerBuilder\jdk14\jre\lib\rt.jar]
[Loaded java.lang.Double from C:\Program Files (x86)\Sybase\Shared\PowerBuilder\jdk14\jre\lib\rt.jar]
[Loaded java.lang.Byte from C:\Program Files (x86)\Sybase\Shared\PowerBuilder\jdk14\jre\lib\rt.jar]
[Loaded java.lang.Short from C:\Program Files (x86)\Sybase\Shared\PowerBuilder\jdk14\jre\lib\rt.jar]
[Loaded java.lang.Integer from C:\Program Files (x86)\Sybase\Shared\PowerBuilder\jdk14\jre\lib\rt.jar]
[Loaded java.lang.Long from C:\Program Files (x86)\Sybase\Shared\PowerBuilder\jdk14\jre\lib\rt.jar]
[Loaded java.lang.NullPointerException from C:\Program Files (x86)\Sybase\Shared\PowerBuilder\jdk14\jre\lib\rt.jar]
[Loaded java.lang.ArithmeticException from C:\Program Files (x86)\Sybase\Shared\PowerBuilder\jdk14\jre\lib\rt.jar]
[Loaded java.lang.StrictMath from C:\Program Files (x86)\Sybase\Shared\PowerBuilder\jdk14\jre\lib\rt.jar]
[Dynamic-linking native method java.lang.StrictMath.pow ... JNI]
[Dynamic-linking native method java.lang.Float.intBitsToFloat ... JNI]
[Dynamic-linking native method java.lang.Double.longBitsToDouble ... JNI]
[Dynamic-linking native method java.lang.Float.floatToIntBits ... JNI]
[Dynamic-linking native method java.lang.Double.doubleToLongBits ... JNI]
[Dynamic-linking native method java.lang.Object.registerNatives ... JNI]
[Registering JNI native method java.lang.Object.hashCode]
[Registering JNI native method java.lang.Object.wait]
[Registering JNI native method java.lang.Object.notify]
[Registering JNI native method java.lang.Object.notifyAll]
[Registering JNI native method java.lang.Object.clone]
[Loaded java.io.ObjectStreamField from C:\Program Files (x86)\Sybase\Shared\PowerBuilder\jdk14\jre\lib\rt.jar]
[Loaded java.util.Comparator from C:\Program Files (x86)\Sybase\Shared\PowerBuilder\jdk14\jre\lib\rt.jar]
[Loaded java.lang.String$CaseInsensitiveComparator from C:\Program Files (x86)\Sybase\Shared\PowerBuilder\jdk14\jre\lib\rt.jar]
[Dynamic-linking native method java.lang.System.registerNatives ... JNI]
[Registering JNI native method java.lang.System.currentTimeMillis]
[Registering JNI native method java.lang.System.arraycopy]
[Dynamic-linking native method java.lang.Thread.registerNatives ... JNI]
[Registering JNI native method java.lang.Thread.start]
[Registering JNI native method java.lang.Thread.stop0]
[Registering JNI native method java.lang.Thread.isAlive]
[Registering JNI native method java.lang.Thread.suspend0]
[Registering JNI native method java.lang.Thread.resume0]
[Registering JNI native method java.lang.Thread.setPriority0]
[Registering JNI native method java.lang.Thread.yield]
[Registering JNI native method java.lang.Thread.sleep]
[Registering JNI native method java.lang.Thread.currentThread]
[Registering JNI native method java.lang.Thread.countStackFrames]
[Registering JNI native method java.lang.Thread.interrupt0]
[Registering JNI native method java.lang.Thread.isInterrupted]
[Registering JNI native method java.lang.Thread.holdsLock]
[Loaded java.security.AccessController from C:\Program Files (x86)\Sybase\Shared\PowerBuilder\jdk14\jre\lib\rt.jar]
[Dynamic-linking native method java.security.AccessController.getStackAccessControlContext ... JNI]
[Dynamic-linking native method java.security.AccessController.getInheritedAccessControlContext ... JNI]
[Loaded java.security.Guard from C:\Program Files (x86)\Sybase\Shared\PowerBuilder\jdk14\jre\lib\rt.jar]
[Loaded java.security.Permission from C:\Program Files (x86)\Sybase\Shared\PowerBuilder\jdk14\jre\lib\rt.jar]
[Loaded java.security.BasicPermission from C:\Program Files (x86)\Sybase\Shared\PowerBuilder\jdk14\jre\lib\rt.jar]
[Loaded java.lang.reflect.ReflectPermission from C:\Program Files (x86)\Sybase\Shared\PowerBuilder\jdk14\jre\lib\rt.jar]
[Loaded java.security.PrivilegedAction from C:\Program Files (x86)\Sybase\Shared\PowerBuilder\jdk14\jre\lib\rt.jar]
[Loaded sun.reflect.ReflectionFactory$GetReflectionFactoryAction from C:\Program Files (x86)\Sybase\Shared\PowerBuilder\jdk14\jre\lib\rt.jar]
[Dynamic-linking native method java.lang.ClassLoader.registerNatives ... JNI]
[Registering JNI native method java.lang.ClassLoader.retrieveDirectives]
[Loaded java.util.Stack from C:\Program Files (x86)\Sybase\Shared\PowerBuilder\jdk14\jre\lib\rt.jar]
[Dynamic-linking native method java.security.AccessController.doPrivileged ... JNI]
[Loaded sun.reflect.ReflectionFactory from C:\Program Files (x86)\Sybase\Shared\PowerBuilder\jdk14\jre\lib\rt.jar]
[Loaded java.lang.RuntimePermission from C:\Program Files (x86)\Sybase\Shared\PowerBuilder\jdk14\jre\lib\rt.jar]
[Loaded java.lang.ref.Reference$Lock from C:\Program Files (x86)\Sybase\Shared\PowerBuilder\jdk14\jre\lib\rt.jar]
[Loaded java.lang.ref.Reference$ReferenceHandler from C:\Program Files (x86)\Sybase\Shared\PowerBuilder\jdk14\jre\lib\rt.jar]
[Loaded java.lang.ref.ReferenceQueue from C:\Program Files (x86)\Sybase\Shared\PowerBuilder\jdk14\jre\lib\rt.jar]
[Loaded java.lang.ref.ReferenceQueue$Null from C:\Program Files (x86)\Sybase\Shared\PowerBuilder\jdk14\jre\lib\rt.jar]
[Loaded java.lang.ref.ReferenceQueue$Lock from C:\Program Files (x86)\Sybase\Shared\PowerBuilder\jdk14\jre\lib\rt.jar]
[Loaded java.lang.ref.Finalizer$FinalizerThread from C:\Program Files (x86)\Sybase\Shared\PowerBuilder\jdk14\jre\lib\rt.jar]
[Loaded java.util.Enumeration from C:\Program Files (x86)\Sybase\Shared\PowerBuilder\jdk14\jre\lib\rt.jar]
[Loaded java.util.Hashtable$EmptyEnumerator from C:\Program Files (x86)\Sybase\Shared\PowerBuilder\jdk14\jre\lib\rt.jar]
[Loaded java.util.Iterator from C:\Program Files (x86)\Sybase\Shared\PowerBuilder\jdk14\jre\lib\rt.jar]
[Loaded java.util.Hashtable$EmptyIterator from C:\Program Files (x86)\Sybase\Shared\PowerBuilder\jdk14\jre\lib\rt.jar]
[Dynamic-linking native method java.lang.Class.registerNatives ... JNI]
[Registering JNI native method java.lang.Class.getName]
[Registering JNI native method java.lang.Class.getSuperclass]
[Registering JNI native method java.lang.Class.getInterfaces]
[Registering JNI native method java.lang.Class.getClassLoader0]
[Registering JNI native method java.lang.Class.isInterface]
[Registering JNI native method java.lang.Class.getSigners]
[Registering JNI native method java.lang.Class.setSigners]
[Registering JNI native method java.lang.Class.isArray]
[Registering JNI native method java.lang.Class.isPrimitive]
[Registering JNI native method java.lang.Class.getComponentType]
[Registering JNI native method java.lang.Class.getModifiers]
[Registering JNI native method java.lang.Class.getDeclaredFields0]
[Registering JNI native method java.lang.Class.getDeclaredMethods0]
[Registering JNI native method java.lang.Class.getDeclaredConstructors0]
[Registering JNI native method java.lang.Class.getProtectionDomain0]
[Registering JNI native method java.lang.Class.setProtectionDomain0]
[Registering JNI native method java.lang.Class.getDeclaredClasses0]
[Registering JNI native method java.lang.Class.getDeclaringClass]
[Registering JNI native method java.lang.Class.desiredAssertionStatus0]
[Loaded java.io.ObjectStreamClass from C:\Program Files (x86)\Sybase\Shared\PowerBuilder\jdk14\jre\lib\rt.jar]
[Loaded java.util.AbstractMap from C:\Program Files (x86)\Sybase\Shared\PowerBuilder\jdk14\jre\lib\rt.jar]
[Loaded sun.misc.SoftCache from C:\Program Files (x86)\Sybase\Shared\PowerBuilder\jdk14\jre\lib\rt.jar]
[Loaded java.util.HashMap from C:\Program Files (x86)\Sybase\Shared\PowerBuilder\jdk14\jre\lib\rt.jar]
[Loaded java.util.Map$Entry from C:\Program Files (x86)\Sybase\Shared\PowerBuilder\jdk14\jre\lib\rt.jar]
[Loaded java.util.HashMap$Entry from C:\Program Files (x86)\Sybase\Shared\PowerBuilder\jdk14\jre\lib\rt.jar]
[Dynamic-linking native method java.io.ObjectStreamClass.initNative ... JNI]
[Loaded java.lang.IncompatibleClassChangeError from C:\Program Files (x86)\Sybase\Shared\PowerBuilder\jdk14\jre\lib\rt.jar]
[Loaded java.lang.NoSuchMethodError from C:\Program Files (x86)\Sybase\Shared\PowerBuilder\jdk14\jre\lib\rt.jar]
[Dynamic-linking native method java.lang.Class.getPrimitiveClass ... JNI]
[Loaded java.util.Hashtable$Entry from C:\Program Files (x86)\Sybase\Shared\PowerBuilder\jdk14\jre\lib\rt.jar]
[Dynamic-linking native method java.lang.System.initProperties ... JNI]
[Loaded java.lang.StringCoding from C:\Program Files (x86)\Sybase\Shared\PowerBuilder\jdk14\jre\lib\rt.jar]
[Loaded java.lang.ThreadLocal from C:\Program Files (x86)\Sybase\Shared\PowerBuilder\jdk14\jre\lib\rt.jar]
[Loaded sun.io.Converters from C:\Program Files (x86)\Sybase\Shared\PowerBuilder\jdk14\jre\lib\rt.jar]
[Loaded sun.reflect.Reflection from C:\Program Files (x86)\Sybase\Shared\PowerBuilder\jdk14\jre\lib\rt.jar]
[Dynamic-linking native method sun.reflect.Reflection.getCallerClass ... JNI]
[Dynamic-linking native method java.lang.Class.forName0 ... JNI]
[Loaded sun.security.action.GetPropertyAction from C:\Program Files (x86)\Sybase\Shared\PowerBuilder\jdk14\jre\lib\rt.jar]
[Loaded java.lang.ThreadLocal$ThreadLocalMap from C:\Program Files (x86)\Sybase\Shared\PowerBuilder\jdk14\jre\lib\rt.jar]
[Loaded java.lang.ThreadLocal$ThreadLocalMap$Entry from C:\Program Files (x86)\Sybase\Shared\PowerBuilder\jdk14\jre\lib\rt.jar]
[Loaded java.nio.charset.Charset from C:\Program Files (x86)\Sybase\Shared\PowerBuilder\jdk14\jre\lib\rt.jar]
[Loaded java.nio.charset.spi.CharsetProvider from C:\Program Files (x86)\Sybase\Shared\PowerBuilder\jdk14\jre\lib\rt.jar]
[Loaded sun.nio.cs.AbstractCharsetProvider from C:\Program Files (x86)\Sybase\Shared\PowerBuilder\jdk14\jre\lib\rt.jar]
[Loaded sun.nio.cs.StandardCharsets from C:\Program Files (x86)\Sybase\Shared\PowerBuilder\jdk14\jre\lib\rt.jar]
[Loaded java.util.SortedMap from C:\Program Files (x86)\Sybase\Shared\PowerBuilder\jdk14\jre\lib\rt.jar]
[Loaded java.util.TreeMap from C:\Program Files (x86)\Sybase\Shared\PowerBuilder\jdk14\jre\lib\rt.jar]
[Loaded java.util.TreeMap$Entry from C:\Program Files (x86)\Sybase\Shared\PowerBuilder\jdk14\jre\lib\rt.jar]
[Loaded sun.misc.VM from C:\Program Files (x86)\Sybase\Shared\PowerBuilder\jdk14\jre\lib\rt.jar]
[Loaded java.lang.StringCoding$StringDecoder from C:\Program Files (x86)\Sybase\Shared\PowerBuilder\jdk14\jre\lib\rt.jar]
[Loaded java.lang.StringCoding$ConverterSD from C:\Program Files (x86)\Sybase\Shared\PowerBuilder\jdk14\jre\lib\rt.jar]
[Loaded sun.io.ByteToCharConverter from C:\Program Files (x86)\Sybase\Shared\PowerBuilder\jdk14\jre\lib\rt.jar]
[Loaded sun.io.CharacterEncoding from C:\Program Files (x86)\Sybase\Shared\PowerBuilder\jdk14\jre\lib\rt.jar]
[Loaded java.util.Collections from C:\Program Files (x86)\Sybase\Shared\PowerBuilder\jdk14\jre\lib\rt.jar]
[Loaded java.util.Random from C:\Program Files (x86)\Sybase\Shared\PowerBuilder\jdk14\jre\lib\rt.jar]
[Loaded java.util.Set from C:\Program Files (x86)\Sybase\Shared\PowerBuilder\jdk14\jre\lib\rt.jar]
[Loaded java.util.AbstractSet from C:\Program Files (x86)\Sybase\Shared\PowerBuilder\jdk14\jre\lib\rt.jar]
[Loaded java.util.Collections$EmptySet from C:\Program Files (x86)\Sybase\Shared\PowerBuilder\jdk14\jre\lib\rt.jar]
[Loaded java.util.Collections$EmptyList from C:\Program Files (x86)\Sybase\Shared\PowerBuilder\jdk14\jre\lib\rt.jar]
[Loaded java.util.Collections$EmptyMap from C:\Program Files (x86)\Sybase\Shared\PowerBuilder\jdk14\jre\lib\rt.jar]
[Loaded java.util.Collections$ReverseComparator from C:\Program Files (x86)\Sybase\Shared\PowerBuilder\jdk14\jre\lib\rt.jar]
[Loaded java.util.Collections$UnmodifiableMap from C:\Program Files (x86)\Sybase\Shared\PowerBuilder\jdk14\jre\lib\rt.jar]
[Loaded java.util.Locale from C:\Program Files (x86)\Sybase\Shared\PowerBuilder\jdk14\jre\lib\rt.jar]
[Dynamic-linking native method java.lang.String.intern ... JNI]
[Loaded sun.io.ByteToCharDoubleByte from C:\Program Files (x86)\Sybase\Shared\PowerBuilder\jdk14\jre\lib\charsets.jar]
[Loaded sun.io.ByteToCharGBK from C:\Program Files (x86)\Sybase\Shared\PowerBuilder\jdk14\jre\lib\charsets.jar]
[Loaded java.lang.Class$3 from C:\Program Files (x86)\Sybase\Shared\PowerBuilder\jdk14\jre\lib\rt.jar]
[Loaded java.lang.reflect.Modifier from C:\Program Files (x86)\Sybase\Shared\PowerBuilder\jdk14\jre\lib\rt.jar]
[Loaded sun.reflect.LangReflectAccess from C:\Program Files (x86)\Sybase\Shared\PowerBuilder\jdk14\jre\lib\rt.jar]
[Loaded java.lang.reflect.ReflectAccess from C:\Program Files (x86)\Sybase\Shared\PowerBuilder\jdk14\jre\lib\rt.jar]
[Loaded java.lang.Class$1 from C:\Program Files (x86)\Sybase\Shared\PowerBuilder\jdk14\jre\lib\rt.jar]
[Dynamic-linking native method sun.reflect.Reflection.getClassAccessFlags ... JNI]
[Loaded sun.reflect.ReflectionFactory$1 from C:\Program Files (x86)\Sybase\Shared\PowerBuilder\jdk14\jre\lib\rt.jar]
[Loaded sun.reflect.NativeConstructorAccessorImpl from C:\Program Files (x86)\Sybase\Shared\PowerBuilder\jdk14\jre\lib\rt.jar]
[Loaded sun.reflect.DelegatingConstructorAccessorImpl from C:\Program Files (x86)\Sybase\Shared\PowerBuilder\jdk14\jre\lib\rt.jar]
[Dynamic-linking native method sun.reflect.NativeConstructorAccessorImpl.newInstance0 ... JNI]
[Loaded sun.misc.Version from C:\Program Files (x86)\Sybase\Shared\PowerBuilder\jdk14\jre\lib\rt.jar]
[Loaded java.io.InputStream from C:\Program Files (x86)\Sybase\Shared\PowerBuilder\jdk14\jre\lib\rt.jar]
[Loaded java.io.FileInputStream from C:\Program Files (x86)\Sybase\Shared\PowerBuilder\jdk14\jre\lib\rt.jar]
[Dynamic-linking native method java.io.FileInputStream.initIDs ... JNI]
[Loaded java.io.FileDescriptor from C:\Program Files (x86)\Sybase\Shared\PowerBuilder\jdk14\jre\lib\rt.jar]
[Dynamic-linking native method java.io.FileDescriptor.initIDs ... JNI]
[Loaded java.io.OutputStream from C:\Program Files (x86)\Sybase\Shared\PowerBuilder\jdk14\jre\lib\rt.jar]
[Loaded java.io.FileOutputStream from C:\Program Files (x86)\Sybase\Shared\PowerBuilder\jdk14\jre\lib\rt.jar]
[Dynamic-linking native method java.io.FileOutputStream.initIDs ... JNI]
[Loaded java.io.FilterInputStream from C:\Program Files (x86)\Sybase\Shared\PowerBuilder\jdk14\jre\lib\rt.jar]
[Loaded java.io.BufferedInputStream from C:\Program Files (x86)\Sybase\Shared\PowerBuilder\jdk14\jre\lib\rt.jar]
[Dynamic-linking native method java.lang.System.setIn0 ... JNI]
[Loaded java.io.FilterOutputStream from C:\Program Files (x86)\Sybase\Shared\PowerBuilder\jdk14\jre\lib\rt.jar]
[Loaded java.io.PrintStream from C:\Program Files (x86)\Sybase\Shared\PowerBuilder\jdk14\jre\lib\rt.jar]
[Loaded java.io.BufferedOutputStream from C:\Program Files (x86)\Sybase\Shared\PowerBuilder\jdk14\jre\lib\rt.jar]
[Loaded java.io.Writer from C:\Program Files (x86)\Sybase\Shared\PowerBuilder\jdk14\jre\lib\rt.jar]
[Loaded java.io.OutputStreamWriter from C:\Program Files (x86)\Sybase\Shared\PowerBuilder\jdk14\jre\lib\rt.jar]
[Loaded sun.nio.cs.StreamEncoder from C:\Program Files (x86)\Sybase\Shared\PowerBuilder\jdk14\jre\lib\rt.jar]
[Loaded sun.nio.cs.StreamEncoder$ConverterSE from C:\Program Files (x86)\Sybase\Shared\PowerBuilder\jdk14\jre\lib\rt.jar]
[Loaded sun.io.CharToByteConverter from C:\Program Files (x86)\Sybase\Shared\PowerBuilder\jdk14\jre\lib\rt.jar]
[Loaded sun.io.CharToByteDoubleByte from C:\Program Files (x86)\Sybase\Shared\PowerBuilder\jdk14\jre\lib\charsets.jar]
[Loaded sun.io.CharToByteGBK from C:\Program Files (x86)\Sybase\Shared\PowerBuilder\jdk14\jre\lib\charsets.jar]
[Loaded java.io.BufferedWriter from C:\Program Files (x86)\Sybase\Shared\PowerBuilder\jdk14\jre\lib\rt.jar]
[Dynamic-linking native method java.lang.System.setOut0 ... JNI]
[Dynamic-linking native method java.lang.System.setErr0 ... JNI]
[Loaded java.util.logging.LogManager from C:\Program Files (x86)\Sybase\Shared\PowerBuilder\jdk14\jre\lib\rt.jar]
[Loaded java.util.logging.Handler from C:\Program Files (x86)\Sybase\Shared\PowerBuilder\jdk14\jre\lib\rt.jar]
[Loaded java.util.logging.Level from C:\Program Files (x86)\Sybase\Shared\PowerBuilder\jdk14\jre\lib\rt.jar]
[Loaded java.util.ArrayList from C:\Program Files (x86)\Sybase\Shared\PowerBuilder\jdk14\jre\lib\rt.jar]
[Loaded java.beans.PropertyChangeSupport from C:\Program Files (x86)\Sybase\Shared\PowerBuilder\jdk14\jre\lib\rt.jar]
[Loaded java.util.logging.LogManager$LogNode from C:\Program Files (x86)\Sybase\Shared\PowerBuilder\jdk14\jre\lib\rt.jar]
[Loaded java.util.logging.LoggingPermission from C:\Program Files (x86)\Sybase\Shared\PowerBuilder\jdk14\jre\lib\rt.jar]
[Loaded java.lang.Runtime from C:\Program Files (x86)\Sybase\Shared\PowerBuilder\jdk14\jre\lib\rt.jar]
[Loaded java.util.logging.LogManager$Cleaner from C:\Program Files (x86)\Sybase\Shared\PowerBuilder\jdk14\jre\lib\rt.jar]
[Loaded java.lang.Shutdown from C:\Program Files (x86)\Sybase\Shared\PowerBuilder\jdk14\jre\lib\rt.jar]
[Loaded java.lang.Shutdown$Lock from C:\Program Files (x86)\Sybase\Shared\PowerBuilder\jdk14\jre\lib\rt.jar]
[Loaded java.util.HashSet from C:\Program Files (x86)\Sybase\Shared\PowerBuilder\jdk14\jre\lib\rt.jar]
[Loaded java.lang.Shutdown$WrappedHook from C:\Program Files (x86)\Sybase\Shared\PowerBuilder\jdk14\jre\lib\rt.jar]
[Dynamic-linking native method java.lang.System.identityHashCode ... JNI]
[Loaded java.lang.Terminator from C:\Program Files (x86)\Sybase\Shared\PowerBuilder\jdk14\jre\lib\rt.jar]
[Loaded sun.misc.SignalHandler from C:\Program Files (x86)\Sybase\Shared\PowerBuilder\jdk14\jre\lib\rt.jar]
[Loaded java.lang.Terminator$1 from C:\Program Files (x86)\Sybase\Shared\PowerBuilder\jdk14\jre\lib\rt.jar]
[Loaded sun.misc.Signal from C:\Program Files (x86)\Sybase\Shared\PowerBuilder\jdk14\jre\lib\rt.jar]
[Dynamic-linking native method sun.misc.Signal.findSignal ... JNI]
[Dynamic-linking native method sun.misc.Signal.handle0 ... JNI]
[Loaded sun.misc.NativeSignalHandler from C:\Program Files (x86)\Sybase\Shared\PowerBuilder\jdk14\jre\lib\rt.jar]
[Loaded java.util.logging.Logger from C:\Program Files (x86)\Sybase\Shared\PowerBuilder\jdk14\jre\lib\rt.jar]
[Loaded java.util.logging.LogManager$RootLogger from C:\Program Files (x86)\Sybase\Shared\PowerBuilder\jdk14\jre\lib\rt.jar]
[Dynamic-linking native method java.lang.Object.getClass ... JNI]
[Loaded java.util.HashMap$Values from C:\Program Files (x86)\Sybase\Shared\PowerBuilder\jdk14\jre\lib\rt.jar]
[Loaded java.util.HashMap$HashIterator from C:\Program Files (x86)\Sybase\Shared\PowerBuilder\jdk14\jre\lib\rt.jar]
[Loaded java.util.HashMap$ValueIterator from C:\Program Files (x86)\Sybase\Shared\PowerBuilder\jdk14\jre\lib\rt.jar]
[Loaded java.io.File from C:\Program Files (x86)\Sybase\Shared\PowerBuilder\jdk14\jre\lib\rt.jar]
[Loaded java.io.FileSystem from C:\Program Files (x86)\Sybase\Shared\PowerBuilder\jdk14\jre\lib\rt.jar]
[Dynamic-linking native method java.io.FileSystem.getFileSystem ... JNI]
[Loaded java.io.Win32FileSystem from C:\Program Files (x86)\Sybase\Shared\PowerBuilder\jdk14\jre\lib\rt.jar]
[Loaded java.io.WinNTFileSystem from C:\Program Files (x86)\Sybase\Shared\PowerBuilder\jdk14\jre\lib\rt.jar]
[Dynamic-linking native method java.io.Win32FileSystem.initIDs ... JNI]
[Dynamic-linking native method java.io.WinNTFileSystem.initIDs ... JNI]
[Dynamic-linking native method java.io.WinNTFileSystem.canonicalize ... JNI]
[Dynamic-linking native method java.io.FileInputStream.open ... JNI]
[Loaded java.util.Hashtable$Enumerator from C:\Program Files (x86)\Sybase\Shared\PowerBuilder\jdk14\jre\lib\rt.jar]
[Loaded java.io.Reader from C:\Program Files (x86)\Sybase\Shared\PowerBuilder\jdk14\jre\lib\rt.jar]
[Loaded java.io.BufferedReader from C:\Program Files (x86)\Sybase\Shared\PowerBuilder\jdk14\jre\lib\rt.jar]
[Loaded java.io.InputStreamReader from C:\Program Files (x86)\Sybase\Shared\PowerBuilder\jdk14\jre\lib\rt.jar]
[Loaded sun.nio.cs.StreamDecoder from C:\Program Files (x86)\Sybase\Shared\PowerBuilder\jdk14\jre\lib\rt.jar]
[Loaded sun.nio.cs.HistoricallyNamedCharset from C:\Program Files (x86)\Sybase\Shared\PowerBuilder\jdk14\jre\lib\rt.jar]
[Loaded sun.nio.cs.ISO_8859_1 from C:\Program Files (x86)\Sybase\Shared\PowerBuilder\jdk14\jre\lib\rt.jar]
[Loaded sun.nio.cs.StreamDecoder$CharsetSD from C:\Program Files (x86)\Sybase\Shared\PowerBuilder\jdk14\jre\lib\rt.jar]
[Loaded java.nio.charset.CharsetDecoder from C:\Program Files (x86)\Sybase\Shared\PowerBuilder\jdk14\jre\lib\rt.jar]
[Loaded sun.nio.cs.ISO_8859_1$Decoder from C:\Program Files (x86)\Sybase\Shared\PowerBuilder\jdk14\jre\lib\rt.jar]
[Loaded java.nio.charset.CodingErrorAction from C:\Program Files (x86)\Sybase\Shared\PowerBuilder\jdk14\jre\lib\rt.jar]
[Loaded java.nio.ByteBuffer from C:\Program Files (x86)\Sybase\Shared\PowerBuilder\jdk14\jre\lib\rt.jar]
[Loaded java.nio.HeapByteBuffer from C:\Program Files (x86)\Sybase\Shared\PowerBuilder\jdk14\jre\lib\rt.jar]
[Loaded java.nio.Bits from C:\Program Files (x86)\Sybase\Shared\PowerBuilder\jdk14\jre\lib\rt.jar]
[Loaded sun.misc.Unsafe from C:\Program Files (x86)\Sybase\Shared\PowerBuilder\jdk14\jre\lib\rt.jar]
[Dynamic-linking native method sun.misc.Unsafe.registerNatives ... JNI]
[Registering JNI native method sun.misc.Unsafe.getObject]
[Registering JNI native method sun.misc.Unsafe.putObject]
[Registering JNI native method sun.misc.Unsafe.getBoolean]
[Registering JNI native method sun.misc.Unsafe.putBoolean]
[Registering JNI native method sun.misc.Unsafe.getByte]
[Registering JNI native method sun.misc.Unsafe.putByte]
[Registering JNI native method sun.misc.Unsafe.getShort]
[Registering JNI native method sun.misc.Unsafe.putShort]
[Registering JNI native method sun.misc.Unsafe.getChar]
[Registering JNI native method sun.misc.Unsafe.putChar]
[Registering JNI native method sun.misc.Unsafe.getInt]
[Registering JNI native method sun.misc.Unsafe.putInt]
[Registering JNI native method sun.misc.Unsafe.getLong]
[Registering JNI native method sun.misc.Unsafe.putLong]
[Registering JNI native method sun.misc.Unsafe.getFloat]
[Registering JNI native method sun.misc.Unsafe.putFloat]
[Registering JNI native method sun.misc.Unsafe.getDouble]
[Registering JNI native method sun.misc.Unsafe.putDouble]
[Registering JNI native method sun.misc.Unsafe.getByte]
[Registering JNI native method sun.misc.Unsafe.putByte]
[Registering JNI native method sun.misc.Unsafe.getShort]
[Registering JNI native method sun.misc.Unsafe.putShort]
[Registering JNI native method sun.misc.Unsafe.getChar]
[Registering JNI native method sun.misc.Unsafe.putChar]
[Registering JNI native method sun.misc.Unsafe.getInt]
[Registering JNI native method sun.misc.Unsafe.putInt]
[Registering JNI native method sun.misc.Unsafe.getLong]
[Registering JNI native method sun.misc.Unsafe.putLong]
[Registering JNI native method sun.misc.Unsafe.getFloat]
[Registering JNI native method sun.misc.Unsafe.putFloat]
[Registering JNI native method sun.misc.Unsafe.getDouble]
[Registering JNI native method sun.misc.Unsafe.putDouble]
[Registering JNI native method sun.misc.Unsafe.getAddress]
[Registering JNI native method sun.misc.Unsafe.putAddress]
[Registering JNI native method sun.misc.Unsafe.allocateMemory]
[Registering JNI native method sun.misc.Unsafe.reallocateMemory]
[Registering JNI native method sun.misc.Unsafe.setMemory]
[Registering JNI native method sun.misc.Unsafe.copyMemory]
[Registering JNI native method sun.misc.Unsafe.freeMemory]
[Registering JNI native method sun.misc.Unsafe.fieldOffset]
[Registering JNI native method sun.misc.Unsafe.staticFieldBase]
[Registering JNI native method sun.misc.Unsafe.ensureClassInitialized]
[Registering JNI native method sun.misc.Unsafe.arrayBaseOffset]
[Registering JNI native method sun.misc.Unsafe.arrayIndexScale]
[Registering JNI native method sun.misc.Unsafe.addressSize]
[Registering JNI native method sun.misc.Unsafe.pageSize]
[Registering JNI native method sun.misc.Unsafe.defineClass]
[Registering JNI native method sun.misc.Unsafe.defineClass]
[Registering JNI native method sun.misc.Unsafe.allocateInstance]
[Registering JNI native method sun.misc.Unsafe.monitorEnter]
[Registering JNI native method sun.misc.Unsafe.monitorExit]
[Registering JNI native method sun.misc.Unsafe.throwException]
[Loaded java.nio.ByteOrder from C:\Program Files (x86)\Sybase\Shared\PowerBuilder\jdk14\jre\lib\rt.jar]
[Loaded java.nio.CharBuffer from C:\Program Files (x86)\Sybase\Shared\PowerBuilder\jdk14\jre\lib\rt.jar]
[Loaded java.nio.HeapCharBuffer from C:\Program Files (x86)\Sybase\Shared\PowerBuilder\jdk14\jre\lib\rt.jar]
[Loaded java.nio.charset.CoderResult from C:\Program Files (x86)\Sybase\Shared\PowerBuilder\jdk14\jre\lib\rt.jar]
[Loaded java.nio.charset.CoderResult$Cache from C:\Program Files (x86)\Sybase\Shared\PowerBuilder\jdk14\jre\lib\rt.jar]
[Loaded java.nio.charset.CoderResult$1 from C:\Program Files (x86)\Sybase\Shared\PowerBuilder\jdk14\jre\lib\rt.jar]
[Loaded java.nio.charset.CoderResult$2 from C:\Program Files (x86)\Sybase\Shared\PowerBuilder\jdk14\jre\lib\rt.jar]
[Dynamic-linking native method java.io.FileInputStream.readBytes ... JNI]
[Dynamic-linking native method java.io.FileInputStream.available ... JNI]
[Loaded java.util.EventObject from C:\Program Files (x86)\Sybase\Shared\PowerBuilder\jdk14\jre\lib\rt.jar]
[Loaded java.beans.PropertyChangeEvent from C:\Program Files (x86)\Sybase\Shared\PowerBuilder\jdk14\jre\lib\rt.jar]
[Dynamic-linking native method java.io.FileInputStream.close0 ... JNI]
[Dynamic-linking native method java.lang.System.mapLibraryName ... JNI]
[Loaded java.lang.ClassLoader$3 from C:\Program Files (x86)\Sybase\Shared\PowerBuilder\jdk14\jre\lib\rt.jar]
[Dynamic-linking native method java.io.WinNTFileSystem.getBooleanAttributes ... JNI]
[Loaded java.lang.ClassLoader$NativeLibrary from C:\Program Files (x86)\Sybase\Shared\PowerBuilder\jdk14\jre\lib\rt.jar]
[Dynamic-linking native method java.lang.ClassLoader$NativeLibrary.load ... JNI]
[Loaded java.lang.StringCoding$StringEncoder from C:\Program Files (x86)\Sybase\Shared\PowerBuilder\jdk14\jre\lib\rt.jar]
[Loaded java.lang.StringCoding$ConverterSE from C:\Program Files (x86)\Sybase\Shared\PowerBuilder\jdk14\jre\lib\rt.jar]
[Loaded java.lang.Compiler from C:\Program Files (x86)\Sybase\Shared\PowerBuilder\jdk14\jre\lib\rt.jar]
[Dynamic-linking native method java.lang.Compiler.registerNatives ... JNI]
[Registering JNI native method java.lang.Compiler.compileClass]
[Registering JNI native method java.lang.Compiler.compileClasses]
[Registering JNI native method java.lang.Compiler.command]
[Registering JNI native method java.lang.Compiler.enable]
[Registering JNI native method java.lang.Compiler.disable]
[Loaded java.lang.Compiler$1 from C:\Program Files (x86)\Sybase\Shared\PowerBuilder\jdk14\jre\lib\rt.jar]
[Loaded sun.misc.Launcher from C:\Program Files (x86)\Sybase\Shared\PowerBuilder\jdk14\jre\lib\rt.jar]
[Loaded java.net.URLStreamHandlerFactory from C:\Program Files (x86)\Sybase\Shared\PowerBuilder\jdk14\jre\lib\rt.jar]
[Loaded sun.misc.Launcher$Factory from C:\Program Files (x86)\Sybase\Shared\PowerBuilder\jdk14\jre\lib\rt.jar]
[Loaded java.security.SecureClassLoader from C:\Program Files (x86)\Sybase\Shared\PowerBuilder\jdk14\jre\lib\rt.jar]
[Loaded java.net.URLClassLoader from C:\Program Files (x86)\Sybase\Shared\PowerBuilder\jdk14\jre\lib\rt.jar]
[Loaded sun.misc.Launcher$ExtClassLoader from C:\Program Files (x86)\Sybase\Shared\PowerBuilder\jdk14\jre\lib\rt.jar]
[Loaded sun.security.util.Debug from C:\Program Files (x86)\Sybase\Shared\PowerBuilder\jdk14\jre\lib\rt.jar]
[Loaded java.util.StringTokenizer from C:\Program Files (x86)\Sybase\Shared\PowerBuilder\jdk14\jre\lib\rt.jar]
[Loaded java.security.PrivilegedExceptionAction from C:\Program Files (x86)\Sybase\Shared\PowerBuilder\jdk14\jre\lib\rt.jar]
[Loaded sun.misc.Launcher$1 from C:\Program Files (x86)\Sybase\Shared\PowerBuilder\jdk14\jre\lib\rt.jar]
[Dynamic-linking native method java.lang.ClassLoader$NativeLibrary.find ... JNI]
[Dynamic-linking native method java.security.AccessController.doPrivileged ... JNI]
[Dynamic-linking native method java.io.WinNTFileSystem.list ... JNI]
[Loaded sun.net.www.ParseUtil from C:\Program Files (x86)\Sybase\Shared\PowerBuilder\jdk14\jre\lib\rt.jar]
[Loaded java.util.BitSet from C:\Program Files (x86)\Sybase\Shared\PowerBuilder\jdk14\jre\lib\rt.jar]
[Loaded java.net.URL from C:\Program Files (x86)\Sybase\Shared\PowerBuilder\jdk14\jre\lib\rt.jar]
[Loaded java.net.Parts from C:\Program Files (x86)\Sybase\Shared\PowerBuilder\jdk14\jre\lib\rt.jar]
[Loaded java.net.URLStreamHandler from C:\Program Files (x86)\Sybase\Shared\PowerBuilder\jdk14\jre\lib\rt.jar]
[Loaded sun.net.www.protocol.file.Handler from C:\Program Files (x86)\Sybase\Shared\PowerBuilder\jdk14\jre\lib\rt.jar]
[Loaded sun.misc.URLClassPath from C:\Program Files (x86)\Sybase\Shared\PowerBuilder\jdk14\jre\lib\rt.jar]
[Loaded sun.net.www.protocol.jar.Handler from C:\Program Files (x86)\Sybase\Shared\PowerBuilder\jdk14\jre\lib\rt.jar]
[Loaded sun.misc.Launcher$AppClassLoader from C:\Program Files (x86)\Sybase\Shared\PowerBuilder\jdk14\jre\lib\rt.jar]
[Loaded sun.misc.Launcher$2 from C:\Program Files (x86)\Sybase\Shared\PowerBuilder\jdk14\jre\lib\rt.jar]
[Loaded java.lang.SystemClassLoaderAction from C:\Program Files (x86)\Sybase\Shared\PowerBuilder\jdk14\jre\lib\rt.jar]
[Dynamic-linking native method java.lang.ClassLoader.findLoadedClass ... JNI]
[Dynamic-linking native method java.lang.ClassLoader.findBootstrapClass ... JNI]
[Dynamic-linking native method java.lang.Throwable.fillInStackTrace ... JNI]
[Loaded java.net.URLClassLoader$1 from C:\Program Files (x86)\Sybase\Shared\PowerBuilder\jdk14\jre\lib\rt.jar]
[Dynamic-linking native method java.security.AccessController.doPrivileged ... JNI]
[Loaded sun.misc.URLClassPath$2 from C:\Program Files (x86)\Sybase\Shared\PowerBuilder\jdk14\jre\lib\rt.jar]
[Loaded sun.misc.URLClassPath$Loader from C:\Program Files (x86)\Sybase\Shared\PowerBuilder\jdk14\jre\lib\rt.jar]
[Loaded sun.misc.URLClassPath$JarLoader from C:\Program Files (x86)\Sybase\Shared\PowerBuilder\jdk14\jre\lib\rt.jar]
[Loaded java.util.zip.ZipConstants from C:\Program Files (x86)\Sybase\Shared\PowerBuilder\jdk14\jre\lib\rt.jar]
[Loaded java.util.zip.ZipFile from C:\Program Files (x86)\Sybase\Shared\PowerBuilder\jdk14\jre\lib\rt.jar]
[Loaded java.util.jar.JarFile from C:\Program Files (x86)\Sybase\Shared\PowerBuilder\jdk14\jre\lib\rt.jar]
[Loaded sun.security.action.LoadLibraryAction from C:\Program Files (x86)\Sybase\Shared\PowerBuilder\jdk14\jre\lib\rt.jar]
[Dynamic-linking native method java.util.zip.ZipFile.initIDs ... JNI]
[Dynamic-linking native method java.io.WinNTFileSystem.getLastModifiedTime ... JNI]
[Dynamic-linking native method java.util.zip.ZipFile.open ... JNI]
[Dynamic-linking native method java.util.zip.ZipFile.getTotal ... JNI]
[Loaded sun.misc.JarIndex from C:\Program Files (x86)\Sybase\Shared\PowerBuilder\jdk14\jre\lib\rt.jar]
[Dynamic-linking native method java.util.zip.ZipFile.getEntry ... JNI]
[Loaded sun.misc.ExtensionDependency from C:\Program Files (x86)\Sybase\Shared\PowerBuilder\jdk14\jre\lib\rt.jar]
[Loaded java.util.zip.ZipEntry from C:\Program Files (x86)\Sybase\Shared\PowerBuilder\jdk14\jre\lib\rt.jar]
[Dynamic-linking native method java.util.zip.ZipEntry.initIDs ... JNI]
[Dynamic-linking native method java.util.zip.ZipEntry.initFields ... JNI]
[Dynamic-linking native method java.util.zip.ZipFile.freeEntry ... JNI]
[Loaded java.util.jar.JarEntry from C:\Program Files (x86)\Sybase\Shared\PowerBuilder\jdk14\jre\lib\rt.jar]
[Loaded java.util.jar.JarFile$JarFileEntry from C:\Program Files (x86)\Sybase\Shared\PowerBuilder\jdk14\jre\lib\rt.jar]
[Loaded java.io.DataInput from C:\Program Files (x86)\Sybase\Shared\PowerBuilder\jdk14\jre\lib\rt.jar]
[Loaded java.io.DataInputStream from C:\Program Files (x86)\Sybase\Shared\PowerBuilder\jdk14\jre\lib\rt.jar]
[Loaded java.util.zip.ZipFile$ZipFileInputStream from C:\Program Files (x86)\Sybase\Shared\PowerBuilder\jdk14\jre\lib\rt.jar]
[Dynamic-linking native method java.util.zip.ZipFile.getCSize ... JNI]
[Dynamic-linking native method java.util.zip.ZipFile.getSize ... JNI]
[Dynamic-linking native method java.util.zip.ZipFile.getMethod ... JNI]
[Loaded java.util.zip.InflaterInputStream from C:\Program Files (x86)\Sybase\Shared\PowerBuilder\jdk14\jre\lib\rt.jar]
[Loaded java.util.zip.ZipFile$1 from C:\Program Files (x86)\Sybase\Shared\PowerBuilder\jdk14\jre\lib\rt.jar]
[Loaded java.util.zip.Inflater from C:\Program Files (x86)\Sybase\Shared\PowerBuilder\jdk14\jre\lib\rt.jar]
[Dynamic-linking native method java.util.zip.Inflater.initIDs ... JNI]
[Dynamic-linking native method java.util.zip.Inflater.init ... JNI]
[Dynamic-linking native method java.util.zip.Inflater.inflateBytes ... JNI]
[Dynamic-linking native method java.util.zip.ZipFile.read ... JNI]
[Loaded java.util.jar.Manifest from C:\Program Files (x86)\Sybase\Shared\PowerBuilder\jdk14\jre\lib\rt.jar]
[Loaded java.io.ByteArrayInputStream from C:\Program Files (x86)\Sybase\Shared\PowerBuilder\jdk14\jre\lib\rt.jar]
[Loaded java.util.jar.Attributes from C:\Program Files (x86)\Sybase\Shared\PowerBuilder\jdk14\jre\lib\rt.jar]
[Loaded java.util.jar.Manifest$FastInputStream from C:\Program Files (x86)\Sybase\Shared\PowerBuilder\jdk14\jre\lib\rt.jar]
[Loaded java.util.jar.Attributes$Name from C:\Program Files (x86)\Sybase\Shared\PowerBuilder\jdk14\jre\lib\rt.jar]
[Loaded java.util.jar.JarVerifier from C:\Program Files (x86)\Sybase\Shared\PowerBuilder\jdk14\jre\lib\rt.jar]
[Loaded java.io.ByteArrayOutputStream from C:\Program Files (x86)\Sybase\Shared\PowerBuilder\jdk14\jre\lib\rt.jar]
[Loaded java.lang.Math from C:\Program Files (x86)\Sybase\Shared\PowerBuilder\jdk14\jre\lib\rt.jar]
[Loaded java.security.PrivilegedActionException from C:\Program Files (x86)\Sybase\Shared\PowerBuilder\jdk14\jre\lib\rt.jar]
[Loaded java.io.IOException from C:\Program Files (x86)\Sybase\Shared\PowerBuilder\jdk14\jre\lib\rt.jar]
[Loaded java.io.FileNotFoundException from C:\Program Files (x86)\Sybase\Shared\PowerBuilder\jdk14\jre\lib\rt.jar]
[Loaded sun.misc.Resource from C:\Program Files (x86)\Sybase\Shared\PowerBuilder\jdk14\jre\lib\rt.jar]
[Loaded sun.misc.URLClassPath$4 from C:\Program Files (x86)\Sybase\Shared\PowerBuilder\jdk14\jre\lib\rt.jar]
[Loaded java.lang.Package from C:\Program Files (x86)\Sybase\Shared\PowerBuilder\jdk14\jre\lib\rt.jar]
[Dynamic-linking native method java.lang.Package.getSystemPackage0 ... JNI]
[Dynamic-linking native method java.util.jar.JarFile.getMetaInfEntryNames ... JNI]
[Loaded sun.security.util.ManifestEntryVerifier from C:\Program Files (x86)\Sybase\Shared\PowerBuilder\jdk14\jre\lib\rt.jar]
[Loaded sun.misc.CharacterDecoder from C:\Program Files (x86)\Sybase\Shared\PowerBuilder\jdk14\jre\lib\rt.jar]
[Loaded sun.misc.BASE64Decoder from C:\Program Files (x86)\Sybase\Shared\PowerBuilder\jdk14\jre\lib\rt.jar]
[Dynamic-linking native method java.util.zip.Inflater.reset ... JNI]
[Loaded java.security.CodeSource from C:\Program Files (x86)\Sybase\Shared\PowerBuilder\jdk14\jre\lib\rt.jar]
[Loaded java.security.PermissionCollection from C:\Program Files (x86)\Sybase\Shared\PowerBuilder\jdk14\jre\lib\rt.jar]
[Loaded java.security.Permissions from C:\Program Files (x86)\Sybase\Shared\PowerBuilder\jdk14\jre\lib\rt.jar]
[Loaded java.net.URLConnection from C:\Program Files (x86)\Sybase\Shared\PowerBuilder\jdk14\jre\lib\rt.jar]
[Loaded sun.net.www.URLConnection from C:\Program Files (x86)\Sybase\Shared\PowerBuilder\jdk14\jre\lib\rt.jar]
[Loaded sun.net.www.protocol.file.FileURLConnection from C:\Program Files (x86)\Sybase\Shared\PowerBuilder\jdk14\jre\lib\rt.jar]
[Loaded java.net.ContentHandler from C:\Program Files (x86)\Sybase\Shared\PowerBuilder\jdk14\jre\lib\rt.jar]
[Loaded java.net.UnknownContentHandler from C:\Program Files (x86)\Sybase\Shared\PowerBuilder\jdk14\jre\lib\rt.jar]
[Loaded sun.net.www.MessageHeader from C:\Program Files (x86)\Sybase\Shared\PowerBuilder\jdk14\jre\lib\rt.jar]
[Loaded java.io.FilePermission from C:\Program Files (x86)\Sybase\Shared\PowerBuilder\jdk14\jre\lib\rt.jar]
[Loaded java.io.FilePermission$1 from C:\Program Files (x86)\Sybase\Shared\PowerBuilder\jdk14\jre\lib\rt.jar]
[Loaded java.security.UnresolvedPermission from C:\Program Files (x86)\Sybase\Shared\PowerBuilder\jdk14\jre\lib\rt.jar]
[Loaded java.io.FilePermissionCollection from C:\Program Files (x86)\Sybase\Shared\PowerBuilder\jdk14\jre\lib\rt.jar]
[Loaded java.security.BasicPermissionCollection from C:\Program Files (x86)\Sybase\Shared\PowerBuilder\jdk14\jre\lib\rt.jar]
[Loaded java.security.Principal from C:\Program Files (x86)\Sybase\Shared\PowerBuilder\jdk14\jre\lib\rt.jar]
[Loaded java.security.cert.Certificate from C:\Program Files (x86)\Sybase\Shared\PowerBuilder\jdk14\jre\lib\rt.jar]
[Dynamic-linking native method java.lang.ClassLoader.defineClass0 ... JNI]
[Loaded com.sybase.powerbuilder.webtarget.WTBeanInfo]
[Loaded java.beans.FeatureDescriptor from C:\Program Files (x86)\Sybase\Shared\PowerBuilder\jdk14\jre\lib\rt.jar]
[Loaded java.beans.EventSetDescriptor from C:\Program Files (x86)\Sybase\Shared\PowerBuilder\jdk14\jre\lib\rt.jar]
[Loaded java.beans.MethodDescriptor from C:\Program Files (x86)\Sybase\Shared\PowerBuilder\jdk14\jre\lib\rt.jar]
[Loaded java.beans.PropertyDescriptor from C:\Program Files (x86)\Sybase\Shared\PowerBuilder\jdk14\jre\lib\rt.jar]
[Loaded java.beans.BeanDescriptor from C:\Program Files (x86)\Sybase\Shared\PowerBuilder\jdk14\jre\lib\rt.jar]
[Loaded com.sybase.powerbuilder.webtarget.WTJarInfo]
[Loaded com.sybase.powerbuilder.webtarget.WTAppletInfo]
